<?xml version="1.0" encoding="UTF-8"?>
<!-- Generated by org.testng.reporters.JUnitXMLReporter -->
<testsuite ignored="0" hostname="Suvam" failures="0" tests="15" name="Default test" time="7.119" errors="0" timestamp="2024-08-30T13:11:35 IST">
  <testcase classname="requestChaining.DeleteAllProjects" name="deleteAllProjectFromServer" time="2.198"/>
  <testcase classname="requestChaining.DeleteAllProjects" name="deleteAllProjectFromServer" time="0.586"/>
  <testcase classname="requestChaining.DeleteAllProjects" name="deleteAllProjectFromServer" time="0.371"/>
  <testcase classname="requestChaining.DeleteAllProjects" name="deleteAllProjectFromServer" time="0.396"/>
  <testcase classname="requestChaining.DeleteAllProjects" name="deleteAllProjectFromServer" time="0.363"/>
  <testcase classname="requestChaining.DeleteAllProjects" name="deleteAllProjectFromServer" time="0.382"/>
  <testcase classname="requestChaining.DeleteAllProjects" name="deleteAllProjectFromServer" time="0.358"/>
  <testcase classname="requestChaining.DeleteAllProjects" name="deleteAllProjectFromServer" time="0.342"/>
  <testcase classname="requestChaining.DeleteAllProjects" name="deleteAllProjectFromServer" time="0.304"/>
  <testcase classname="requestChaining.DeleteAllProjects" name="deleteAllProjectFromServer" time="0.341"/>
  <testcase classname="requestChaining.DeleteAllProjects" name="deleteAllProjectFromServer" time="0.331"/>
  <testcase classname="requestChaining.DeleteAllProjects" name="deleteAllProjectFromServer" time="0.26"/>
  <testcase classname="requestChaining.DeleteAllProjects" name="deleteAllProjectFromServer" time="0.338"/>
  <testcase classname="requestChaining.DeleteAllProjects" name="deleteAllProjectFromServer" time="0.34"/>
  <testcase classname="requestChaining.DeleteAllProjects" name="deleteAllProjectFromServer" time="0.13"/>
</testsuite> <!-- Default test -->
