<?xml version="1.0" encoding="UTF-8"?>
<!-- Generated by org.testng.reporters.JUnitXMLReporter -->
<testsuite ignored="0" hostname="Suvam" failures="0" tests="0" name="TestRunner-Chrome" time="1.555" errors="0" timestamp="2024-08-01T12:56:47 IST">
  <testcase classname="com.comcast.crm.contacttest.BaseClass" name="@BeforeMethod configBM" time="0.001">
    <failure type="java.io.FileNotFoundException" message="C:\Users\suvam\eclipse-workspace\ComcastCRMGUIFramework\configAppData\commondata.properties (The system cannot find the path specified)">
      <![CDATA[java.io.FileNotFoundException: C:\Users\suvam\eclipse-workspace\ComcastCRMGUIFramework\configAppData\commondata.properties (The system cannot find the path specified)
at java.base/java.io.FileInputStream.open0(Native Method)
at java.base/java.io.FileInputStream.open(FileInputStream.java:213)
at java.base/java.io.FileInputStream.<init>(FileInputStream.java:152)
at java.base/java.io.FileInputStream.<init>(FileInputStream.java:106)
at com.comcast.generic.fileutility.FileUtility.getDataFromPropertiesFile(FileUtility.java:16)
at com.comcast.crm.contacttest.BaseClass.configBM(BaseClass.java:47)
at java.base/java.util.ArrayList.forEach(ArrayList.java:1596)
at java.base/java.util.concurrent.FutureTask.run(FutureTask.java:317)
at java.base/java.util.concurrent.ThreadPoolExecutor.runWorker(ThreadPoolExecutor.java:1144)
at java.base/java.util.concurrent.ThreadPoolExecutor$Worker.run(ThreadPoolExecutor.java:642)
at java.base/java.lang.Thread.run(Thread.java:1583)
... Removed 20 stack frames]]>
    </failure>
  </testcase> <!-- @BeforeMethod configBM -->
</testsuite> <!-- TestRunner-Chrome -->
