<?xml version="1.0" encoding="UTF-8"?>
<testng-results ignored="0" total="15" passed="15" failed="0" skipped="0">
  <reporter-output>
  </reporter-output>
  <suite started-at="2024-08-30T13:11:28 IST" name="Default suite" finished-at="2024-08-30T13:11:35 IST" duration-ms="7119">
    <groups>
    </groups>
    <test started-at="2024-08-30T13:11:28 IST" name="Default test" finished-at="2024-08-30T13:11:35 IST" duration-ms="7119">
      <class name="requestChaining.DeleteAllProjects">
        <test-method signature="deleteAllProjectFromServer()[pri:0, instance:requestChaining.DeleteAllProjects@557caf28]" started-at="2024-08-30T13:11:28 IST" name="deleteAllProjectFromServer" finished-at="2024-08-30T13:11:30 IST" duration-ms="2198" status="PASS">
          <reporter-output>
          </reporter-output>
        </test-method> <!-- deleteAllProjectFromServer -->
        <test-method signature="deleteAllProjectFromServer()[pri:0, instance:requestChaining.DeleteAllProjects@557caf28]" started-at="2024-08-30T13:11:30 IST" name="deleteAllProjectFromServer" finished-at="2024-08-30T13:11:31 IST" duration-ms="586" status="PASS">
          <reporter-output>
          </reporter-output>
        </test-method> <!-- deleteAllProjectFromServer -->
        <test-method signature="deleteAllProjectFromServer()[pri:0, instance:requestChaining.DeleteAllProjects@557caf28]" started-at="2024-08-30T13:11:31 IST" name="deleteAllProjectFromServer" finished-at="2024-08-30T13:11:31 IST" duration-ms="371" status="PASS">
          <reporter-output>
          </reporter-output>
        </test-method> <!-- deleteAllProjectFromServer -->
        <test-method signature="deleteAllProjectFromServer()[pri:0, instance:requestChaining.DeleteAllProjects@557caf28]" started-at="2024-08-30T13:11:31 IST" name="deleteAllProjectFromServer" finished-at="2024-08-30T13:11:32 IST" duration-ms="396" status="PASS">
          <reporter-output>
          </reporter-output>
        </test-method> <!-- deleteAllProjectFromServer -->
        <test-method signature="deleteAllProjectFromServer()[pri:0, instance:requestChaining.DeleteAllProjects@557caf28]" started-at="2024-08-30T13:11:32 IST" name="deleteAllProjectFromServer" finished-at="2024-08-30T13:11:32 IST" duration-ms="363" status="PASS">
          <reporter-output>
          </reporter-output>
        </test-method> <!-- deleteAllProjectFromServer -->
        <test-method signature="deleteAllProjectFromServer()[pri:0, instance:requestChaining.DeleteAllProjects@557caf28]" started-at="2024-08-30T13:11:32 IST" name="deleteAllProjectFromServer" finished-at="2024-08-30T13:11:32 IST" duration-ms="382" status="PASS">
          <reporter-output>
          </reporter-output>
        </test-method> <!-- deleteAllProjectFromServer -->
        <test-method signature="deleteAllProjectFromServer()[pri:0, instance:requestChaining.DeleteAllProjects@557caf28]" started-at="2024-08-30T13:11:32 IST" name="deleteAllProjectFromServer" finished-at="2024-08-30T13:11:33 IST" duration-ms="358" status="PASS">
          <reporter-output>
          </reporter-output>
        </test-method> <!-- deleteAllProjectFromServer -->
        <test-method signature="deleteAllProjectFromServer()[pri:0, instance:requestChaining.DeleteAllProjects@557caf28]" started-at="2024-08-30T13:11:33 IST" name="deleteAllProjectFromServer" finished-at="2024-08-30T13:11:33 IST" duration-ms="342" status="PASS">
          <reporter-output>
          </reporter-output>
        </test-method> <!-- deleteAllProjectFromServer -->
        <test-method signature="deleteAllProjectFromServer()[pri:0, instance:requestChaining.DeleteAllProjects@557caf28]" started-at="2024-08-30T13:11:33 IST" name="deleteAllProjectFromServer" finished-at="2024-08-30T13:11:33 IST" duration-ms="304" status="PASS">
          <reporter-output>
          </reporter-output>
        </test-method> <!-- deleteAllProjectFromServer -->
        <test-method signature="deleteAllProjectFromServer()[pri:0, instance:requestChaining.DeleteAllProjects@557caf28]" started-at="2024-08-30T13:11:33 IST" name="deleteAllProjectFromServer" finished-at="2024-08-30T13:11:34 IST" duration-ms="341" status="PASS">
          <reporter-output>
          </reporter-output>
        </test-method> <!-- deleteAllProjectFromServer -->
        <test-method signature="deleteAllProjectFromServer()[pri:0, instance:requestChaining.DeleteAllProjects@557caf28]" started-at="2024-08-30T13:11:34 IST" name="deleteAllProjectFromServer" finished-at="2024-08-30T13:11:34 IST" duration-ms="331" status="PASS">
          <reporter-output>
          </reporter-output>
        </test-method> <!-- deleteAllProjectFromServer -->
        <test-method signature="deleteAllProjectFromServer()[pri:0, instance:requestChaining.DeleteAllProjects@557caf28]" started-at="2024-08-30T13:11:34 IST" name="deleteAllProjectFromServer" finished-at="2024-08-30T13:11:34 IST" duration-ms="260" status="PASS">
          <reporter-output>
          </reporter-output>
        </test-method> <!-- deleteAllProjectFromServer -->
        <test-method signature="deleteAllProjectFromServer()[pri:0, instance:requestChaining.DeleteAllProjects@557caf28]" started-at="2024-08-30T13:11:34 IST" name="deleteAllProjectFromServer" finished-at="2024-08-30T13:11:35 IST" duration-ms="338" status="PASS">
          <reporter-output>
          </reporter-output>
        </test-method> <!-- deleteAllProjectFromServer -->
        <test-method signature="deleteAllProjectFromServer()[pri:0, instance:requestChaining.DeleteAllProjects@557caf28]" started-at="2024-08-30T13:11:35 IST" name="deleteAllProjectFromServer" finished-at="2024-08-30T13:11:35 IST" duration-ms="340" status="PASS">
          <reporter-output>
          </reporter-output>
        </test-method> <!-- deleteAllProjectFromServer -->
        <test-method signature="deleteAllProjectFromServer()[pri:0, instance:requestChaining.DeleteAllProjects@557caf28]" started-at="2024-08-30T13:11:35 IST" name="deleteAllProjectFromServer" finished-at="2024-08-30T13:11:35 IST" duration-ms="130" status="PASS">
          <reporter-output>
          </reporter-output>
        </test-method> <!-- deleteAllProjectFromServer -->
      </class> <!-- requestChaining.DeleteAllProjects -->
    </test> <!-- Default test -->
  </suite> <!-- Default suite -->
</testng-results>
