<?xml version="1.0" encoding="UTF-8"?>
<!-- Generated by org.testng.reporters.JUnitXMLReporter -->
<testsuite ignored="0" hostname="Suvam" failures="0" tests="10" name="Default test" time="18.331" errors="0" timestamp="2024-08-28T12:29:04 IST">
  <testcase classname="shopperStack.End2End" name="login" time="4.629"/>
  <testcase classname="shopperStack.End2End" name="register" time="1.846"/>
  <testcase classname="shopperStack.End2End" name="getAllProducts" time="3.384"/>
  <testcase classname="shopperStack.End2End" name="address" time="1.241"/>
  <testcase classname="shopperStack.End2End" name="cart" time="1.217"/>
  <testcase classname="shopperStack.End2End" name="wishlist" time="1.183"/>
  <testcase classname="shopperStack.End2End" name="placeOrder" time="1.238"/>
  <testcase classname="shopperStack.End2End" name="getOrder" time="1.126"/>
  <testcase classname="shopperStack.End2End" name="updateOrder" time="1.278"/>
  <testcase classname="shopperStack.End2End" name="invoiceOrder" time="1.013"/>
</testsuite> <!-- Default test -->
